2026-06-01 16:12:10 - Usuario registrado: irvingonzalez0513@gmail.com
2026-06-01 16:22:02 - Login exitoso: irvingonzalez0513@gmail.com
2026-06-01 22:56:45 - Login exitoso: irvingonzalez0513@gmail.com
2026-06-01 22:57:01 - Cierre de sesión: irvingonzalez0513@gmail.com
2026-06-01 22:57:04 - Login fallido: irvingonzalez0513@gmail.com
2026-06-01 22:57:21 - Login fallido: irvingonzalez0513@gmail.com
2026-06-01 22:57:27 - Login exitoso: irvingonzalez0513@gmail.com
2026-06-01 23:32:16 - Usuario y contraseña correctos: irvingonzalez0513@gmail.com
2026-06-01 23:34:52 - Usuario y contraseña correctos: irvingonzalez0513@gmail.com
2026-06-01 23:35:29 - Usuario y contraseña correctos: irvingonzalez0513@gmail.com
2026-06-01 23:37:29 - 2FA activado correctamente: irvingonzalez0513@gmail.com
2026-06-01 23:43:50 - 2FA activado correctamente: irvingonzalez0513@gmail.com
2026-06-02 00:13:13 - Usuario y contraseña correctos: irvingonzalez0513@gmail.com
2026-06-02 00:13:43 - Código 2FA incorrecto: irvingonzalez0513@gmail.com
2026-06-02 00:13:48 - Cierre de sesión: irvingonzalez0513@gmail.com
2026-06-02 00:13:49 - Usuario y contraseña correctos: irvingonzalez0513@gmail.com
2026-06-02 00:14:10 - Cierre de sesión: irvingonzalez0513@gmail.com
2026-06-02 00:14:18 - Usuario y contraseña correctos: irvingonzalez0513@gmail.com
2026-06-02 00:16:03 - Código 2FA incorrecto: irvingonzalez0513@gmail.com
2026-06-02 00:16:13 - Login completo con 2FA exitoso: irvingonzalez0513@gmail.com
2026-06-02 00:31:37 - Usuario registrado: irvingonzalez00213@gmail.com
2026-06-02 00:31:43 - Usuario y contraseña correctos: irvingonzalez00213@gmail.com
2026-06-02 00:38:34 - Usuario y contraseña correctos: irvingonzalez00213@gmail.com
2026-06-02 00:38:46 - Usuario y contraseña correctos: irvingonzalez00213@gmail.com
2026-06-02 00:40:52 - 2FA activado correctamente: irvingonzalez00213@gmail.com
2026-06-02 00:41:35 - Cierre de sesión: irvingonzalez00213@gmail.com
2026-06-02 00:41:41 - Usuario y contraseña correctos: irvingonzalez00213@gmail.com
2026-06-02 00:41:53 - Código 2FA incorrecto: irvingonzalez00213@gmail.com
2026-06-02 00:46:32 - Cierre de sesión: irvingonzalez00213@gmail.com
